<?xml version="1.0" encoding="UTF-8"?>
<!-- Generated by org.testng.reporters.JUnitReportReporter -->
<testsuite hostname="PC" name="com.comarch.training.PositiveCases" tests="70" failures="0" timestamp="13 Jul 2015 11:51:58 GMT" time="0.151" errors="0">
  <testcase name="MultiplyTest" time="0.018" classname="com.comarch.training.PositiveCases"/>
  <testcase name="MinusTest" time="0.001" classname="com.comarch.training.PositiveCases"/>
  <testcase name="AddMemoryTest" time="0.000" classname="com.comarch.training.PositiveCases"/>
  <testcase name="SetMemoryTest" time="0.012" classname="com.comarch.training.PositiveCases"/>
  <testcase name="DivideTest" time="0.000" classname="com.comarch.training.PositiveCases"/>
  <testcase name="AddMemoryTest" time="0.000" classname="com.comarch.training.PositiveCases"/>
  <testcase name="MinusTest" time="0.000" classname="com.comarch.training.PositiveCases"/>
  <testcase name="SetMemoryTest" time="0.000" classname="com.comarch.training.PositiveCases"/>
  <testcase name="AddMemoryTest" time="0.000" classname="com.comarch.training.PositiveCases"/>
  <testcase name="MultiplyTest" time="0.001" classname="com.comarch.training.PositiveCases"/>
  <testcase name="DivideTest" time="0.000" classname="com.comarch.training.PositiveCases"/>
  <testcase name="AddingTest" time="0.001" classname="com.comarch.training.PositiveCases"/>
  <testcase name="MultiplyTest" time="0.000" classname="com.comarch.training.PositiveCases"/>
  <testcase name="SetMemoryTest" time="0.012" classname="com.comarch.training.PositiveCases"/>
  <testcase name="GetMemoryTest" time="0.001" classname="com.comarch.training.PositiveCases"/>
  <testcase name="MinusTest" time="0.000" classname="com.comarch.training.PositiveCases"/>
  <testcase name="DivideTest" time="0.000" classname="com.comarch.training.PositiveCases"/>
  <testcase name="GetMemoryTest" time="0.000" classname="com.comarch.training.PositiveCases"/>
  <testcase name="MinusTest" time="0.000" classname="com.comarch.training.PositiveCases"/>
  <testcase name="DivideTest" time="0.001" classname="com.comarch.training.PositiveCases"/>
  <testcase name="GetMemoryTest" time="0.007" classname="com.comarch.training.PositiveCases"/>
  <testcase name="GetMemoryTest" time="0.000" classname="com.comarch.training.PositiveCases"/>
  <testcase name="AddMemoryTest" time="0.000" classname="com.comarch.training.PositiveCases"/>
  <testcase name="DivideTest" time="0.000" classname="com.comarch.training.PositiveCases"/>
  <testcase name="MultiplyTest" time="0.000" classname="com.comarch.training.PositiveCases"/>
  <testcase name="SetMemoryTest" time="0.000" classname="com.comarch.training.PositiveCases"/>
  <testcase name="GetMemoryTest" time="0.012" classname="com.comarch.training.PositiveCases"/>
  <testcase name="DivideTest" time="0.001" classname="com.comarch.training.PositiveCases"/>
  <testcase name="DivideTest" time="0.000" classname="com.comarch.training.PositiveCases"/>
  <testcase name="AddMemoryTest" time="0.000" classname="com.comarch.training.PositiveCases"/>
  <testcase name="MinusTest" time="0.011" classname="com.comarch.training.PositiveCases"/>
  <testcase name="MinusTest" time="0.000" classname="com.comarch.training.PositiveCases"/>
  <testcase name="GetMemoryTest" time="0.000" classname="com.comarch.training.PositiveCases"/>
  <testcase name="DivideTest" time="0.000" classname="com.comarch.training.PositiveCases"/>
  <testcase name="AddingTest" time="0.000" classname="com.comarch.training.PositiveCases"/>
  <testcase name="AddMemoryTest" time="0.000" classname="com.comarch.training.PositiveCases"/>
  <testcase name="MinusTest" time="0.012" classname="com.comarch.training.PositiveCases"/>
  <testcase name="MultiplyTest" time="0.008" classname="com.comarch.training.PositiveCases"/>
  <testcase name="AddingTest" time="0.000" classname="com.comarch.training.PositiveCases"/>
  <testcase name="SetMemoryTest" time="0.000" classname="com.comarch.training.PositiveCases"/>
  <testcase name="MultiplyTest" time="0.000" classname="com.comarch.training.PositiveCases"/>
  <testcase name="SetMemoryTest" time="0.001" classname="com.comarch.training.PositiveCases"/>
  <testcase name="AddingTest" time="0.002" classname="com.comarch.training.PositiveCases"/>
  <testcase name="AddingTest" time="0.001" classname="com.comarch.training.PositiveCases"/>
  <testcase name="AddMemoryTest" time="0.006" classname="com.comarch.training.PositiveCases"/>
  <testcase name="SetMemoryTest" time="0.000" classname="com.comarch.training.PositiveCases"/>
  <testcase name="AddingTest" time="0.000" classname="com.comarch.training.PositiveCases"/>
  <testcase name="AddingTest" time="0.000" classname="com.comarch.training.PositiveCases"/>
  <testcase name="MinusTest" time="0.000" classname="com.comarch.training.PositiveCases"/>
  <testcase name="MinusTest" time="0.013" classname="com.comarch.training.PositiveCases"/>
  <testcase name="MultiplyTest" time="0.009" classname="com.comarch.training.PositiveCases"/>
  <testcase name="AddMemoryTest" time="0.000" classname="com.comarch.training.PositiveCases"/>
  <testcase name="GetMemoryTest" time="0.009" classname="com.comarch.training.PositiveCases"/>
  <testcase name="GetMemoryTest" time="0.001" classname="com.comarch.training.PositiveCases"/>
  <testcase name="MultiplyTest" time="0.000" classname="com.comarch.training.PositiveCases"/>
  <testcase name="AddMemoryTest" time="0.006" classname="com.comarch.training.PositiveCases"/>
  <testcase name="SetMemoryTest" time="0.000" classname="com.comarch.training.PositiveCases"/>
  <testcase name="AddingTest" time="0.000" classname="com.comarch.training.PositiveCases"/>
  <testcase name="AddMemoryTest" time="0.000" classname="com.comarch.training.PositiveCases"/>
  <testcase name="GetMemoryTest" time="0.001" classname="com.comarch.training.PositiveCases"/>
  <testcase name="AddingTest" time="0.000" classname="com.comarch.training.PositiveCases"/>
  <testcase name="DivideTest" time="0.001" classname="com.comarch.training.PositiveCases"/>
  <testcase name="MinusTest" time="0.000" classname="com.comarch.training.PositiveCases"/>
  <testcase name="MultiplyTest" time="0.000" classname="com.comarch.training.PositiveCases"/>
  <testcase name="GetMemoryTest" time="0.000" classname="com.comarch.training.PositiveCases"/>
  <testcase name="AddingTest" time="0.000" classname="com.comarch.training.PositiveCases"/>
  <testcase name="SetMemoryTest" time="0.001" classname="com.comarch.training.PositiveCases"/>
  <testcase name="DivideTest" time="0.001" classname="com.comarch.training.PositiveCases"/>
  <testcase name="MultiplyTest" time="0.000" classname="com.comarch.training.PositiveCases"/>
  <testcase name="SetMemoryTest" time="0.001" classname="com.comarch.training.PositiveCases"/>
</testsuite> <!-- com.comarch.training.PositiveCases -->
